Dbg [parser.cc:387] Converting a deprecated source[/home/simulations/public_sim_ws/src/all/husky/husky_navigation_launch/worlds/empty_cafe.world].
Dbg [Converter.cc:59] Version[1.4] to Version[1.6]
  Please use the gz sdf tool to update your SDF files.
    $ gz sdf -c [sdf_file]
Dbg [parser.cc:387] Converting a deprecated source[/home/user/.gazebo/models/cafe/model.sdf].
Dbg [Converter.cc:59] Version[1.5] to Version[1.6]
  Please use the gz sdf tool to update your SDF files.
    $ gz sdf -c [sdf_file]
Dbg [parser.cc:403] No <sdf> element in file[data-string]
Dbg [parser_urdf.cc:1608] extension [<plugin filename="libgazebo_ros_control.so" name="gazebo_ros_control"><robotNamespace>/</robotNamespace></plugin>] not converted from URDF, probably already in SDF format.
Dbg [parser_urdf.cc:1608] extension [<sensor name="base_laser" type="ray"><pose>0 0 0 0 0 0</pose><visualize>false</visualize><update_rate>50</update_rate><ray><scan><horizontal><samples>720</samples><resolution>1</resolution><min_angle>-2.35619</min_angle><max_angle>2.35619</max_angle></horizontal></scan><range><min>0.1</min><max>30.0</max><resolution>0.01</resolution></range><noise><type>gaussian</type><mean>0.0</mean><stddev>0.001</stddev></noise></ray><plugin filename="libgazebo_ros_laser.so" name="gazebo_ros_laser"><topicName>scan</topicName><frameName>base_laser</frameName><robotNamespace>/</robotNamespace></plugin></sensor>] not converted from URDF, probably already in SDF format.
Dbg [parser_urdf.cc:1608] extension [<plugin filename="libhector_gazebo_ros_imu.so" name="imu_controller"><robotNamespace>/</robotNamespace><updateRate>50.0</updateRate><bodyName>base_link</bodyName><topicName>imu/data</topicName><accelDrift>0.005 0.005 0.005</accelDrift><accelGaussianNoise>0.005 0.005 0.005</accelGaussianNoise><rateDrift>0.005 0.005 0.005</rateDrift><rateGaussianNoise>0.005 0.005 0.005</rateGaussianNoise><headingDrift>0.005</headingDrift><headingGaussianNoise>0.005</headingGaussianNoise></plugin>] not converted from URDF, probably already in SDF format.
Dbg [parser_urdf.cc:1608] extension [<plugin filename="libhector_gazebo_ros_gps.so" name="gps_controller"><updateRate>40</updateRate><robotNamespace>/</robotNamespace><bodyName>base_link</bodyName><frameId>base_link</frameId><topicName>navsat/fix</topicName><velocityTopicName>navsat/vel</velocityTopicName><referenceLatitude>49.9</referenceLatitude><referenceLongitude>8.9</referenceLongitude><referenceHeading>0</referenceHeading><referenceAltitude>0</referenceAltitude><drift>0.0001 0.0001 0.0001</drift></plugin>] not converted from URDF, probably already in SDF format.
Dbg [parser_urdf.cc:1608] extension [<sensor name="camera" type="depth"><always_on>true</always_on><update_rate>20.0</update_rate><camera><horizontal_fov>1.04719666667</horizontal_fov><image><format>R8G8B8</format><width>640</width><height>480</height></image><clip><near>0.05</near><far>8.0</far></clip></camera><plugin filename="libgazebo_ros_openni_kinect.so" name="kinect_camera_controller"><cameraName>camera</cameraName><alwaysOn>true</alwaysOn><updateRate>10</updateRate><imageTopicName>rgb/image_raw</imageTopicName><depthImageTopicName>depth/image_raw</depthImageTopicName><pointCloudTopicName>depth/points</pointCloudTopicName><cameraInfoTopicName>rgb/camera_info</cameraInfoTopicName><depthImageCameraInfoTopicName>depth/camera_info</depthImageCameraInfoTopicName><frameName>camera_frame_optical</frameName><baseline>0.1</baseline><distortion_k1>0.0</distortion_k1><distortion_k2>0.0</distortion_k2><distortion_k3>0.0</distortion_k3><distortion_t1>0.0</distortion_t1><distortion_t2>0.0</distortion_t2><pointCloudCutoff>0.4</pointCloudCutoff><robotNamespace>/</robotNamespace></plugin></sensor>] not converted from URDF, probably already in SDF format.
Dbg [parser_urdf.cc:495] Fixed Joint Reduction: extension lumping from [base_footprint] to [base_link]
Dbg [parser_urdf.cc:2703]   STRING REPLACE: instances of _link name [base_footprint] with [base_link]
Dbg [parser_urdf.cc:2712]         INITIAL STRING link [base_footprint]-->[base_link]: [<plugin filename="libgazebo_ros_control.so" name="gazebo_ros_control"><robotNamespace>/</robotNamespace></plugin>]
Dbg [parser_urdf.cc:2703]   STRING REPLACE: instances of _link name [base_footprint] with [base_link]
Dbg [parser_urdf.cc:2712]         INITIAL STRING link [base_footprint]-->[base_link]: [<plugin filename="libhector_gazebo_ros_imu.so" name="imu_controller"><robotNamespace>/</robotNamespace><updateRate>50.0</updateRate><bodyName>base_link</bodyName><topicName>imu/data</topicName><accelDrift>0.005 0.005 0.005</accelDrift><accelGaussianNoise>0.005 0.005 0.005</accelGaussianNoise><rateDrift>0.005 0.005 0.005</rateDrift><rateGaussianNoise>0.005 0.005 0.005</rateGaussianNoise><headingDrift>0.005</headingDrift><headingGaussianNoise>0.005</headingGaussianNoise></plugin>]
Dbg [parser_urdf.cc:2703]   STRING REPLACE: instances of _link name [base_footprint] with [base_link]
Dbg [parser_urdf.cc:2712]         INITIAL STRING link [base_footprint]-->[base_link]: [<plugin filename="libhector_gazebo_ros_gps.so" name="gps_controller"><updateRate>40</updateRate><robotNamespace>/</robotNamespace><bodyName>base_link</bodyName><frameId>base_link</frameId><topicName>navsat/fix</topicName><velocityTopicName>navsat/vel</velocityTopicName><referenceLatitude>49.9</referenceLatitude><referenceLongitude>8.9</referenceLongitude><referenceHeading>0</referenceHeading><referenceAltitude>0</referenceAltitude><drift>0.0001 0.0001 0.0001</drift></plugin>]
Dbg [parser_urdf.cc:2703]   STRING REPLACE: instances of _link name [base_footprint] with [base_link]
Dbg [parser_urdf.cc:2712]         INITIAL STRING link [base_footprint]-->[base_link]: [<sensor name="base_laser" type="ray"><pose>0 0 0 0 0 0</pose><visualize>false</visualize><update_rate>50</update_rate><ray><scan><horizontal><samples>720</samples><resolution>1</resolution><min_angle>-2.35619</min_angle><max_angle>2.35619</max_angle></horizontal></scan><range><min>0.1</min><max>30.0</max><resolution>0.01</resolution></range><noise><type>gaussian</type><mean>0.0</mean><stddev>0.001</stddev></noise></ray><plugin filename="libgazebo_ros_laser.so" name="gazebo_ros_laser"><topicName>scan</topicName><frameName>base_laser</frameName><robotNamespace>/</robotNamespace></plugin></sensor>]
Dbg [parser_urdf.cc:2703]   STRING REPLACE: instances of _link name [base_footprint] with [base_link]
Dbg [parser_urdf.cc:2712]         INITIAL STRING link [base_footprint]-->[base_link]: [<sensor name="camera" type="depth"><always_on>true</always_on><update_rate>20.0</update_rate><camera><horizontal_fov>1.04719666667</horizontal_fov><image><format>R8G8B8</format><width>640</width><height>480</height></image><clip><near>0.05</near><far>8.0</far></clip></camera><plugin filename="libgazebo_ros_openni_kinect.so" name="kinect_camera_controller"><cameraName>camera</cameraName><alwaysOn>true</alwaysOn><updateRate>10</updateRate><imageTopicName>rgb/image_raw</imageTopicName><depthImageTopicName>depth/image_raw</depthImageTopicName><pointCloudTopicName>depth/points</pointCloudTopicName><cameraInfoTopicName>rgb/camera_info</cameraInfoTopicName><depthImageCameraInfoTopicName>depth/camera_info</depthImageCameraInfoTopicName><frameName>camera_frame_optical</frameName><baseline>0.1</baseline><distortion_k1>0.0</distortion_k1><distortion_k2>0.0</distortion_k2><distortion_k3>0.0</distortion_k3><distortion_t1>0.0</distortion_t1><distortion_t2>0.0</distortion_t2><pointCloudCutoff>0.4</pointCloudCutoff><robotNamespace>/</robotNamespace></plugin></sensor>]
Dbg [parser_urdf.cc:2703]   STRING REPLACE: instances of _link name [base_footprint] with [base_link]
Dbg [parser_urdf.cc:2703]   STRING REPLACE: instances of _link name [base_footprint] with [base_link]
Dbg [parser_urdf.cc:2703]   STRING REPLACE: instances of _link name [base_footprint] with [base_link]
Dbg [parser_urdf.cc:2703]   STRING REPLACE: instances of _link name [base_footprint] with [base_link]
Dbg [parser_urdf.cc:2703]   STRING REPLACE: instances of _link name [base_footprint] with [base_link]
Dbg [parser_urdf.cc:495] Fixed Joint Reduction: extension lumping from [front_bumper_link] to [base_link]
Dbg [parser_urdf.cc:2703]   STRING REPLACE: instances of _link name [front_bumper_link] with [base_link]
Dbg [parser_urdf.cc:2712]         INITIAL STRING link [front_bumper_link]-->[base_link]: [<plugin filename="libgazebo_ros_control.so" name="gazebo_ros_control"><robotNamespace>/</robotNamespace></plugin>]
Dbg [parser_urdf.cc:2703]   STRING REPLACE: instances of _link name [front_bumper_link] with [base_link]
Dbg [parser_urdf.cc:2712]         INITIAL STRING link [front_bumper_link]-->[base_link]: [<plugin filename="libhector_gazebo_ros_imu.so" name="imu_controller"><robotNamespace>/</robotNamespace><updateRate>50.0</updateRate><bodyName>base_link</bodyName><topicName>imu/data</topicName><accelDrift>0.005 0.005 0.005</accelDrift><accelGaussianNoise>0.005 0.005 0.005</accelGaussianNoise><rateDrift>0.005 0.005 0.005</rateDrift><rateGaussianNoise>0.005 0.005 0.005</rateGaussianNoise><headingDrift>0.005</headingDrift><headingGaussianNoise>0.005</headingGaussianNoise></plugin>]
Dbg [parser_urdf.cc:2703]   STRING REPLACE: instances of _link name [front_bumper_link] with [base_link]
Dbg [parser_urdf.cc:2712]         INITIAL STRING link [front_bumper_link]-->[base_link]: [<plugin filename="libhector_gazebo_ros_gps.so" name="gps_controller"><updateRate>40</updateRate><robotNamespace>/</robotNamespace><bodyName>base_link</bodyName><frameId>base_link</frameId><topicName>navsat/fix</topicName><velocityTopicName>navsat/vel</velocityTopicName><referenceLatitude>49.9</referenceLatitude><referenceLongitude>8.9</referenceLongitude><referenceHeading>0</referenceHeading><referenceAltitude>0</referenceAltitude><drift>0.0001 0.0001 0.0001</drift></plugin>]
Dbg [parser_urdf.cc:2703]   STRING REPLACE: instances of _link name [front_bumper_link] with [base_link]
Dbg [parser_urdf.cc:2712]         INITIAL STRING link [front_bumper_link]-->[base_link]: [<sensor name="base_laser" type="ray"><pose>0 0 0 0 0 0</pose><visualize>false</visualize><update_rate>50</update_rate><ray><scan><horizontal><samples>720</samples><resolution>1</resolution><min_angle>-2.35619</min_angle><max_angle>2.35619</max_angle></horizontal></scan><range><min>0.1</min><max>30.0</max><resolution>0.01</resolution></range><noise><type>gaussian</type><mean>0.0</mean><stddev>0.001</stddev></noise></ray><plugin filename="libgazebo_ros_laser.so" name="gazebo_ros_laser"><topicName>scan</topicName><frameName>base_laser</frameName><robotNamespace>/</robotNamespace></plugin></sensor>]
Dbg [parser_urdf.cc:2703]   STRING REPLACE: instances of _link name [front_bumper_link] with [base_link]
Dbg [parser_urdf.cc:2712]         INITIAL STRING link [front_bumper_link]-->[base_link]: [<sensor name="camera" type="depth"><always_on>true</always_on><update_rate>20.0</update_rate><camera><horizontal_fov>1.04719666667</horizontal_fov><image><format>R8G8B8</format><width>640</width><height>480</height></image><clip><near>0.05</near><far>8.0</far></clip></camera><plugin filename="libgazebo_ros_openni_kinect.so" name="kinect_camera_controller"><cameraName>camera</cameraName><alwaysOn>true</alwaysOn><updateRate>10</updateRate><imageTopicName>rgb/image_raw</imageTopicName><depthImageTopicName>depth/image_raw</depthImageTopicName><pointCloudTopicName>depth/points</pointCloudTopicName><cameraInfoTopicName>rgb/camera_info</cameraInfoTopicName><depthImageCameraInfoTopicName>depth/camera_info</depthImageCameraInfoTopicName><frameName>camera_frame_optical</frameName><baseline>0.1</baseline><distortion_k1>0.0</distortion_k1><distortion_k2>0.0</distortion_k2><distortion_k3>0.0</distortion_k3><distortion_t1>0.0</distortion_t1><distortion_t2>0.0</distortion_t2><pointCloudCutoff>0.4</pointCloudCutoff><robotNamespace>/</robotNamespace></plugin></sensor>]
Dbg [parser_urdf.cc:2703]   STRING REPLACE: instances of _link name [front_bumper_link] with [base_link]
Dbg [parser_urdf.cc:2703]   STRING REPLACE: instances of _link name [front_bumper_link] with [base_link]
Dbg [parser_urdf.cc:2703]   STRING REPLACE: instances of _link name [front_bumper_link] with [base_link]
Dbg [parser_urdf.cc:2703]   STRING REPLACE: instances of _link name [front_bumper_link] with [base_link]
Dbg [parser_urdf.cc:2703]   STRING REPLACE: instances of _link name [front_bumper_link] with [base_link]
Dbg [parser_urdf.cc:1024] lumping visual [] for link [front_bumper_link] to parent [base_link] with name [front_bumper_link]
Dbg [parser_urdf.cc:495] Fixed Joint Reduction: extension lumping from [imu_link] to [base_link]
Dbg [parser_urdf.cc:2639]   REDUCE EXTENSION: moving reference from [imu_link] to [base_link]
Dbg [parser_urdf.cc:2703]   STRING REPLACE: instances of _link name [imu_link] with [base_link]
Dbg [parser_urdf.cc:2712]         INITIAL STRING link [imu_link]-->[base_link]: [<plugin filename="libgazebo_ros_control.so" name="gazebo_ros_control"><robotNamespace>/</robotNamespace></plugin>]
Dbg [parser_urdf.cc:2703]   STRING REPLACE: instances of _link name [imu_link] with [base_link]
Dbg [parser_urdf.cc:2712]         INITIAL STRING link [imu_link]-->[base_link]: [<plugin filename="libhector_gazebo_ros_imu.so" name="imu_controller"><robotNamespace>/</robotNamespace><updateRate>50.0</updateRate><bodyName>base_link</bodyName><topicName>imu/data</topicName><accelDrift>0.005 0.005 0.005</accelDrift><accelGaussianNoise>0.005 0.005 0.005</accelGaussianNoise><rateDrift>0.005 0.005 0.005</rateDrift><rateGaussianNoise>0.005 0.005 0.005</rateGaussianNoise><headingDrift>0.005</headingDrift><headingGaussianNoise>0.005</headingGaussianNoise></plugin>]
Dbg [parser_urdf.cc:2703]   STRING REPLACE: instances of _link name [imu_link] with [base_link]
Dbg [parser_urdf.cc:2712]         INITIAL STRING link [imu_link]-->[base_link]: [<plugin filename="libhector_gazebo_ros_gps.so" name="gps_controller"><updateRate>40</updateRate><robotNamespace>/</robotNamespace><bodyName>base_link</bodyName><frameId>base_link</frameId><topicName>navsat/fix</topicName><velocityTopicName>navsat/vel</velocityTopicName><referenceLatitude>49.9</referenceLatitude><referenceLongitude>8.9</referenceLongitude><referenceHeading>0</referenceHeading><referenceAltitude>0</referenceAltitude><drift>0.0001 0.0001 0.0001</drift></plugin>]
Dbg [parser_urdf.cc:2703]   STRING REPLACE: instances of _link name [imu_link] with [base_link]
Dbg [parser_urdf.cc:2712]         INITIAL STRING link [imu_link]-->[base_link]: [<sensor name="base_laser" type="ray"><pose>0 0 0 0 0 0</pose><visualize>false</visualize><update_rate>50</update_rate><ray><scan><horizontal><samples>720</samples><resolution>1</resolution><min_angle>-2.35619</min_angle><max_angle>2.35619</max_angle></horizontal></scan><range><min>0.1</min><max>30.0</max><resolution>0.01</resolution></range><noise><type>gaussian</type><mean>0.0</mean><stddev>0.001</stddev></noise></ray><plugin filename="libgazebo_ros_laser.so" name="gazebo_ros_laser"><topicName>scan</topicName><frameName>base_laser</frameName><robotNamespace>/</robotNamespace></plugin></sensor>]
Dbg [parser_urdf.cc:2703]   STRING REPLACE: instances of _link name [imu_link] with [base_link]
Dbg [parser_urdf.cc:2703]   STRING REPLACE: instances of _link name [imu_link] with [base_link]
Dbg [parser_urdf.cc:2712]         INITIAL STRING link [imu_link]-->[base_link]: [<sensor name="camera" type="depth"><always_on>true</always_on><update_rate>20.0</update_rate><camera><horizontal_fov>1.04719666667</horizontal_fov><image><format>R8G8B8</format><width>640</width><height>480</height></image><clip><near>0.05</near><far>8.0</far></clip></camera><plugin filename="libgazebo_ros_openni_kinect.so" name="kinect_camera_controller"><cameraName>camera</cameraName><alwaysOn>true</alwaysOn><updateRate>10</updateRate><imageTopicName>rgb/image_raw</imageTopicName><depthImageTopicName>depth/image_raw</depthImageTopicName><pointCloudTopicName>depth/points</pointCloudTopicName><cameraInfoTopicName>rgb/camera_info</cameraInfoTopicName><depthImageCameraInfoTopicName>depth/camera_info</depthImageCameraInfoTopicName><frameName>camera_frame_optical</frameName><baseline>0.1</baseline><distortion_k1>0.0</distortion_k1><distortion_k2>0.0</distortion_k2><distortion_k3>0.0</distortion_k3><distortion_t1>0.0</distortion_t1><distortion_t2>0.0</distortion_t2><pointCloudCutoff>0.4</pointCloudCutoff><robotNamespace>/</robotNamespace></plugin></sensor>]
Dbg [parser_urdf.cc:2703]   STRING REPLACE: instances of _link name [imu_link] with [base_link]
Dbg [parser_urdf.cc:2703]   STRING REPLACE: instances of _link name [imu_link] with [base_link]
Dbg [parser_urdf.cc:2703]   STRING REPLACE: instances of _link name [imu_link] with [base_link]
Dbg [parser_urdf.cc:2703]   STRING REPLACE: instances of _link name [imu_link] with [base_link]
Dbg [parser_urdf.cc:495] Fixed Joint Reduction: extension lumping from [inertial_link] to [base_link]
Dbg [parser_urdf.cc:2703]   STRING REPLACE: instances of _link name [inertial_link] with [base_link]
Dbg [parser_urdf.cc:2712]         INITIAL STRING link [inertial_link]-->[base_link]: [<plugin filename="libgazebo_ros_control.so" name="gazebo_ros_control"><robotNamespace>/</robotNamespace></plugin>]
Dbg [parser_urdf.cc:2703]   STRING REPLACE: instances of _link name [inertial_link] with [base_link]
Dbg [parser_urdf.cc:2712]         INITIAL STRING link [inertial_link]-->[base_link]: [<plugin filename="libhector_gazebo_ros_imu.so" name="imu_controller"><robotNamespace>/</robotNamespace><updateRate>50.0</updateRate><bodyName>base_link</bodyName><topicName>imu/data</topicName><accelDrift>0.005 0.005 0.005</accelDrift><accelGaussianNoise>0.005 0.005 0.005</accelGaussianNoise><rateDrift>0.005 0.005 0.005</rateDrift><rateGaussianNoise>0.005 0.005 0.005</rateGaussianNoise><headingDrift>0.005</headingDrift><headingGaussianNoise>0.005</headingGaussianNoise></plugin>]
Dbg [parser_urdf.cc:2703]   STRING REPLACE: instances of _link name [inertial_link] with [base_link]
Dbg [parser_urdf.cc:2712]         INITIAL STRING link [inertial_link]-->[base_link]: [<plugin filename="libhector_gazebo_ros_gps.so" name="gps_controller"><updateRate>40</updateRate><robotNamespace>/</robotNamespace><bodyName>base_link</bodyName><frameId>base_link</frameId><topicName>navsat/fix</topicName><velocityTopicName>navsat/vel</velocityTopicName><referenceLatitude>49.9</referenceLatitude><referenceLongitude>8.9</referenceLongitude><referenceHeading>0</referenceHeading><referenceAltitude>0</referenceAltitude><drift>0.0001 0.0001 0.0001</drift></plugin>]
Dbg [parser_urdf.cc:2703]   STRING REPLACE: instances of _link name [inertial_link] with [base_link]
Dbg [parser_urdf.cc:2712]         INITIAL STRING link [inertial_link]-->[base_link]: [<sensor name="base_laser" type="ray"><pose>0 0 0 0 0 0</pose><visualize>false</visualize><update_rate>50</update_rate><ray><scan><horizontal><samples>720</samples><resolution>1</resolution><min_angle>-2.35619</min_angle><max_angle>2.35619</max_angle></horizontal></scan><range><min>0.1</min><max>30.0</max><resolution>0.01</resolution></range><noise><type>gaussian</type><mean>0.0</mean><stddev>0.001</stddev></noise></ray><plugin filename="libgazebo_ros_laser.so" name="gazebo_ros_laser"><topicName>scan</topicName><frameName>base_laser</frameName><robotNamespace>/</robotNamespace></plugin></sensor>]
Dbg [parser_urdf.cc:2703]   STRING REPLACE: instances of _link name [inertial_link] with [base_link]
Dbg [parser_urdf.cc:2703]   STRING REPLACE: instances of _link name [inertial_link] with [base_link]
Dbg [parser_urdf.cc:2712]         INITIAL STRING link [inertial_link]-->[base_link]: [<sensor name="camera" type="depth"><always_on>true</always_on><update_rate>20.0</update_rate><camera><horizontal_fov>1.04719666667</horizontal_fov><image><format>R8G8B8</format><width>640</width><height>480</height></image><clip><near>0.05</near><far>8.0</far></clip></camera><plugin filename="libgazebo_ros_openni_kinect.so" name="kinect_camera_controller"><cameraName>camera</cameraName><alwaysOn>true</alwaysOn><updateRate>10</updateRate><imageTopicName>rgb/image_raw</imageTopicName><depthImageTopicName>depth/image_raw</depthImageTopicName><pointCloudTopicName>depth/points</pointCloudTopicName><cameraInfoTopicName>rgb/camera_info</cameraInfoTopicName><depthImageCameraInfoTopicName>depth/camera_info</depthImageCameraInfoTopicName><frameName>camera_frame_optical</frameName><baseline>0.1</baseline><distortion_k1>0.0</distortion_k1><distortion_k2>0.0</distortion_k2><distortion_k3>0.0</distortion_k3><distortion_t1>0.0</distortion_t1><distortion_t2>0.0</distortion_t2><pointCloudCutoff>0.4</pointCloudCutoff><robotNamespace>/</robotNamespace></plugin></sensor>]
Dbg [parser_urdf.cc:2703]   STRING REPLACE: instances of _link name [inertial_link] with [base_link]
Dbg [parser_urdf.cc:2703]   STRING REPLACE: instances of _link name [inertial_link] with [base_link]
Dbg [parser_urdf.cc:2703]   STRING REPLACE: instances of _link name [inertial_link] with [base_link]
Dbg [parser_urdf.cc:2703]   STRING REPLACE: instances of _link name [inertial_link] with [base_link]
Dbg [parser_urdf.cc:760] LINK NAME: [parent: base_link] from dMass
Dbg [parser_urdf.cc:761]      MASS: [0]
Dbg [parser_urdf.cc:762]        CG: [0, 0, 0]
Dbg [parser_urdf.cc:764]         I: [0, 0, 0]
Dbg [parser_urdf.cc:766]            [0, 0, 0]
Dbg [parser_urdf.cc:768]            [0, 0, 0]
Dbg [parser_urdf.cc:760] LINK NAME: [link : inertial_link] from dMass
Dbg [parser_urdf.cc:761]      MASS: [33.455]
Dbg [parser_urdf.cc:762]        CG: [0, 0, 0]
Dbg [parser_urdf.cc:764]         I: [0.6022, -0.02364, -0.1197]
Dbg [parser_urdf.cc:766]            [-0.02364, 1.7386, -0.001544]
Dbg [parser_urdf.cc:768]            [-0.1197, -0.001544, 2.0296]
Dbg [parser_urdf.cc:760] LINK NAME: [link in parent link: inertial_link] from dMass
Dbg [parser_urdf.cc:761]      MASS: [33.455]
Dbg [parser_urdf.cc:762]        CG: [-0.08748, -0.00085, 0.09947]
Dbg [parser_urdf.cc:764]         I: [0.933237, -0.0261276, 0.171413]
Dbg [parser_urdf.cc:766]            [-0.0261276, 2.32564, 0.0012846]
Dbg [parser_urdf.cc:768]            [0.171413, 0.0012846, 2.28565]
Dbg [parser_urdf.cc:760] LINK NAME: [combined: base_link] from dMass
Dbg [parser_urdf.cc:761]      MASS: [33.455]
Dbg [parser_urdf.cc:762]        CG: [-0.08748, -0.00085, 0.09947]
Dbg [parser_urdf.cc:764]         I: [0.933237, -0.0261276, 0.171413]
Dbg [parser_urdf.cc:766]            [-0.0261276, 2.32564, 0.0012846]
Dbg [parser_urdf.cc:768]            [0.171413, 0.0012846, 2.28565]
Dbg [parser_urdf.cc:776] LINK NAME: [base_link] from dMass
Dbg [parser_urdf.cc:777]      MASS: [33.455]
Dbg [parser_urdf.cc:778]        CG: [-0.08748, -0.00085, 0.09947]
Dbg [parser_urdf.cc:781]         I: [0.6022, -0.02364, -0.1197]
Dbg [parser_urdf.cc:784]            [-0.02364, 1.7386, -0.001544]
Dbg [parser_urdf.cc:787]            [-0.1197, -0.001544, 2.0296]
Dbg [parser_urdf.cc:495] Fixed Joint Reduction: extension lumping from [rear_bumper_link] to [base_link]
Dbg [parser_urdf.cc:2703]   STRING REPLACE: instances of _link name [rear_bumper_link] with [base_link]
Dbg [parser_urdf.cc:2712]         INITIAL STRING link [rear_bumper_link]-->[base_link]: [<plugin filename="libgazebo_ros_control.so" name="gazebo_ros_control"><robotNamespace>/</robotNamespace></plugin>]
Dbg [parser_urdf.cc:2703]   STRING REPLACE: instances of _link name [rear_bumper_link] with [base_link]
Dbg [parser_urdf.cc:2712]         INITIAL STRING link [rear_bumper_link]-->[base_link]: [<plugin filename="libhector_gazebo_ros_imu.so" name="imu_controller"><robotNamespace>/</robotNamespace><updateRate>50.0</updateRate><bodyName>base_link</bodyName><topicName>imu/data</topicName><accelDrift>0.005 0.005 0.005</accelDrift><accelGaussianNoise>0.005 0.005 0.005</accelGaussianNoise><rateDrift>0.005 0.005 0.005</rateDrift><rateGaussianNoise>0.005 0.005 0.005</rateGaussianNoise><headingDrift>0.005</headingDrift><headingGaussianNoise>0.005</headingGaussianNoise></plugin>]
Dbg [parser_urdf.cc:2703]   STRING REPLACE: instances of _link name [rear_bumper_link] with [base_link]
Dbg [parser_urdf.cc:2712]         INITIAL STRING link [rear_bumper_link]-->[base_link]: [<plugin filename="libhector_gazebo_ros_gps.so" name="gps_controller"><updateRate>40</updateRate><robotNamespace>/</robotNamespace><bodyName>base_link</bodyName><frameId>base_link</frameId><topicName>navsat/fix</topicName><velocityTopicName>navsat/vel</velocityTopicName><referenceLatitude>49.9</referenceLatitude><referenceLongitude>8.9</referenceLongitude><referenceHeading>0</referenceHeading><referenceAltitude>0</referenceAltitude><drift>0.0001 0.0001 0.0001</drift></plugin>]
Dbg [parser_urdf.cc:2703]   STRING REPLACE: instances of _link name [rear_bumper_link] with [base_link]
Dbg [parser_urdf.cc:2712]         INITIAL STRING link [rear_bumper_link]-->[base_link]: [<sensor name="base_laser" type="ray"><pose>0 0 0 0 0 0</pose><visualize>false</visualize><update_rate>50</update_rate><ray><scan><horizontal><samples>720</samples><resolution>1</resolution><min_angle>-2.35619</min_angle><max_angle>2.35619</max_angle></horizontal></scan><range><min>0.1</min><max>30.0</max><resolution>0.01</resolution></range><noise><type>gaussian</type><mean>0.0</mean><stddev>0.001</stddev></noise></ray><plugin filename="libgazebo_ros_laser.so" name="gazebo_ros_laser"><topicName>scan</topicName><frameName>base_laser</frameName><robotNamespace>/</robotNamespace></plugin></sensor>]
Dbg [parser_urdf.cc:2703]   STRING REPLACE: instances of _link name [rear_bumper_link] with [base_link]
Dbg [parser_urdf.cc:2703]   STRING REPLACE: instances of _link name [rear_bumper_link] with [base_link]
Dbg [parser_urdf.cc:2712]         INITIAL STRING link [rear_bumper_link]-->[base_link]: [<sensor name="camera" type="depth"><always_on>true</always_on><update_rate>20.0</update_rate><camera><horizontal_fov>1.04719666667</horizontal_fov><image><format>R8G8B8</format><width>640</width><height>480</height></image><clip><near>0.05</near><far>8.0</far></clip></camera><plugin filename="libgazebo_ros_openni_kinect.so" name="kinect_camera_controller"><cameraName>camera</cameraName><alwaysOn>true</alwaysOn><updateRate>10</updateRate><imageTopicName>rgb/image_raw</imageTopicName><depthImageTopicName>depth/image_raw</depthImageTopicName><pointCloudTopicName>depth/points</pointCloudTopicName><cameraInfoTopicName>rgb/camera_info</cameraInfoTopicName><depthImageCameraInfoTopicName>depth/camera_info</depthImageCameraInfoTopicName><frameName>camera_frame_optical</frameName><baseline>0.1</baseline><distortion_k1>0.0</distortion_k1><distortion_k2>0.0</distortion_k2><distortion_k3>0.0</distortion_k3><distortion_t1>0.0</distortion_t1><distortion_t2>0.0</distortion_t2><pointCloudCutoff>0.4</pointCloudCutoff><robotNamespace>/</robotNamespace></plugin></sensor>]
Dbg [parser_urdf.cc:2703]   STRING REPLACE: instances of _link name [rear_bumper_link] with [base_link]
Dbg [parser_urdf.cc:2703]   STRING REPLACE: instances of _link name [rear_bumper_link] with [base_link]
Dbg [parser_urdf.cc:2703]   STRING REPLACE: instances of _link name [rear_bumper_link] with [base_link]
Dbg [parser_urdf.cc:2703]   STRING REPLACE: instances of _link name [rear_bumper_link] with [base_link]
Dbg [parser_urdf.cc:1024] lumping visual [] for link [rear_bumper_link] to parent [base_link] with name [rear_bumper_link]
Dbg [parser_urdf.cc:495] Fixed Joint Reduction: extension lumping from [top_chassis_link] to [base_link]
Dbg [parser_urdf.cc:2703]   STRING REPLACE: instances of _link name [top_chassis_link] with [base_link]
Dbg [parser_urdf.cc:2712]         INITIAL STRING link [top_chassis_link]-->[base_link]: [<plugin filename="libgazebo_ros_control.so" name="gazebo_ros_control"><robotNamespace>/</robotNamespace></plugin>]
Dbg [parser_urdf.cc:2703]   STRING REPLACE: instances of _link name [top_chassis_link] with [base_link]
Dbg [parser_urdf.cc:2712]         INITIAL STRING link [top_chassis_link]-->[base_link]: [<plugin filename="libhector_gazebo_ros_imu.so" name="imu_controller"><robotNamespace>/</robotNamespace><updateRate>50.0</updateRate><bodyName>base_link</bodyName><topicName>imu/data</topicName><accelDrift>0.005 0.005 0.005</accelDrift><accelGaussianNoise>0.005 0.005 0.005</accelGaussianNoise><rateDrift>0.005 0.005 0.005</rateDrift><rateGaussianNoise>0.005 0.005 0.005</rateGaussianNoise><headingDrift>0.005</headingDrift><headingGaussianNoise>0.005</headingGaussianNoise></plugin>]
Dbg [parser_urdf.cc:2703]   STRING REPLACE: instances of _link name [top_chassis_link] with [base_link]
Dbg [parser_urdf.cc:2712]         INITIAL STRING link [top_chassis_link]-->[base_link]: [<plugin filename="libhector_gazebo_ros_gps.so" name="gps_controller"><updateRate>40</updateRate><robotNamespace>/</robotNamespace><bodyName>base_link</bodyName><frameId>base_link</frameId><topicName>navsat/fix</topicName><velocityTopicName>navsat/vel</velocityTopicName><referenceLatitude>49.9</referenceLatitude><referenceLongitude>8.9</referenceLongitude><referenceHeading>0</referenceHeading><referenceAltitude>0</referenceAltitude><drift>0.0001 0.0001 0.0001</drift></plugin>]
Dbg [parser_urdf.cc:2703]   STRING REPLACE: instances of _link name [top_chassis_link] with [base_link]
Dbg [parser_urdf.cc:2712]         INITIAL STRING link [top_chassis_link]-->[base_link]: [<sensor name="base_laser" type="ray"><pose>0 0 0 0 0 0</pose><visualize>false</visualize><update_rate>50</update_rate><ray><scan><horizontal><samples>720</samples><resolution>1</resolution><min_angle>-2.35619</min_angle><max_angle>2.35619</max_angle></horizontal></scan><range><min>0.1</min><max>30.0</max><resolution>0.01</resolution></range><noise><type>gaussian</type><mean>0.0</mean><stddev>0.001</stddev></noise></ray><plugin filename="libgazebo_ros_laser.so" name="gazebo_ros_laser"><topicName>scan</topicName><frameName>base_laser</frameName><robotNamespace>/</robotNamespace></plugin></sensor>]
Dbg [parser_urdf.cc:2703]   STRING REPLACE: instances of _link name [top_chassis_link] with [base_link]
Dbg [parser_urdf.cc:2703]   STRING REPLACE: instances of _link name [top_chassis_link] with [base_link]
Dbg [parser_urdf.cc:2712]         INITIAL STRING link [top_chassis_link]-->[base_link]: [<sensor name="camera" type="depth"><always_on>true</always_on><update_rate>20.0</update_rate><camera><horizontal_fov>1.04719666667</horizontal_fov><image><format>R8G8B8</format><width>640</width><height>480</height></image><clip><near>0.05</near><far>8.0</far></clip></camera><plugin filename="libgazebo_ros_openni_kinect.so" name="kinect_camera_controller"><cameraName>camera</cameraName><alwaysOn>true</alwaysOn><updateRate>10</updateRate><imageTopicName>rgb/image_raw</imageTopicName><depthImageTopicName>depth/image_raw</depthImageTopicName><pointCloudTopicName>depth/points</pointCloudTopicName><cameraInfoTopicName>rgb/camera_info</cameraInfoTopicName><depthImageCameraInfoTopicName>depth/camera_info</depthImageCameraInfoTopicName><frameName>camera_frame_optical</frameName><baseline>0.1</baseline><distortion_k1>0.0</distortion_k1><distortion_k2>0.0</distortion_k2><distortion_k3>0.0</distortion_k3><distortion_t1>0.0</distortion_t1><distortion_t2>0.0</distortion_t2><pointCloudCutoff>0.4</pointCloudCutoff><robotNamespace>/</robotNamespace></plugin></sensor>]
Dbg [parser_urdf.cc:2703]   STRING REPLACE: instances of _link name [top_chassis_link] with [base_link]
Dbg [parser_urdf.cc:2703]   STRING REPLACE: instances of _link name [top_chassis_link] with [base_link]
Dbg [parser_urdf.cc:2703]   STRING REPLACE: instances of _link name [top_chassis_link] with [base_link]
Dbg [parser_urdf.cc:2703]   STRING REPLACE: instances of _link name [top_chassis_link] with [base_link]
Dbg [parser_urdf.cc:1024] lumping visual [] for link [top_chassis_link] to parent [base_link] with name [top_chassis_link]
Dbg [parser_urdf.cc:495] Fixed Joint Reduction: extension lumping from [base_laser] to [base_laser_mount]
Dbg [parser_urdf.cc:2639]   REDUCE EXTENSION: moving reference from [base_laser] to [base_laser_mount]
Dbg [parser_urdf.cc:2703]   STRING REPLACE: instances of _link name [base_laser] with [base_laser_mount]
Dbg [parser_urdf.cc:2712]         INITIAL STRING link [base_laser]-->[base_laser_mount]: [<plugin filename="libgazebo_ros_control.so" name="gazebo_ros_control"><robotNamespace>/</robotNamespace></plugin>]
Dbg [parser_urdf.cc:2703]   STRING REPLACE: instances of _link name [base_laser] with [base_laser_mount]
Dbg [parser_urdf.cc:2712]         INITIAL STRING link [base_laser]-->[base_laser_mount]: [<plugin filename="libhector_gazebo_ros_imu.so" name="imu_controller"><robotNamespace>/</robotNamespace><updateRate>50.0</updateRate><bodyName>base_link</bodyName><topicName>imu/data</topicName><accelDrift>0.005 0.005 0.005</accelDrift><accelGaussianNoise>0.005 0.005 0.005</accelGaussianNoise><rateDrift>0.005 0.005 0.005</rateDrift><rateGaussianNoise>0.005 0.005 0.005</rateGaussianNoise><headingDrift>0.005</headingDrift><headingGaussianNoise>0.005</headingGaussianNoise></plugin>]
Dbg [parser_urdf.cc:2703]   STRING REPLACE: instances of _link name [base_laser] with [base_laser_mount]
Dbg [parser_urdf.cc:2712]         INITIAL STRING link [base_laser]-->[base_laser_mount]: [<plugin filename="libhector_gazebo_ros_gps.so" name="gps_controller"><updateRate>40</updateRate><robotNamespace>/</robotNamespace><bodyName>base_link</bodyName><frameId>base_link</frameId><topicName>navsat/fix</topicName><velocityTopicName>navsat/vel</velocityTopicName><referenceLatitude>49.9</referenceLatitude><referenceLongitude>8.9</referenceLongitude><referenceHeading>0</referenceHeading><referenceAltitude>0</referenceAltitude><drift>0.0001 0.0001 0.0001</drift></plugin>]
Dbg [parser_urdf.cc:2703]   STRING REPLACE: instances of _link name [base_laser] with [base_laser_mount]
Dbg [parser_urdf.cc:2712]         INITIAL STRING link [base_laser]-->[base_laser_mount]: [<sensor name="base_laser" type="ray"><visualize>false</visualize><update_rate>50</update_rate><ray><scan><horizontal><samples>720</samples><resolution>1</resolution><min_angle>-2.35619</min_angle><max_angle>2.35619</max_angle></horizontal></scan><range><min>0.1</min><max>30.0</max><resolution>0.01</resolution></range><noise><type>gaussian</type><mean>0.0</mean><stddev>0.001</stddev></noise></ray><plugin filename="libgazebo_ros_laser.so" name="gazebo_ros_laser"><topicName>scan</topicName><frameName>base_laser</frameName><robotNamespace>/</robotNamespace></plugin><pose>0.0352 0 0.0566 3.14159 -0 0</pose></sensor>]
Dbg [parser_urdf.cc:2703]   STRING REPLACE: instances of _link name [base_laser] with [base_laser_mount]
Dbg [parser_urdf.cc:2703]   STRING REPLACE: instances of _link name [base_laser] with [base_laser_mount]
Dbg [parser_urdf.cc:2712]         INITIAL STRING link [base_laser]-->[base_laser_mount]: [<sensor name="camera" type="depth"><always_on>true</always_on><update_rate>20.0</update_rate><camera><horizontal_fov>1.04719666667</horizontal_fov><image><format>R8G8B8</format><width>640</width><height>480</height></image><clip><near>0.05</near><far>8.0</far></clip></camera><plugin filename="libgazebo_ros_openni_kinect.so" name="kinect_camera_controller"><cameraName>camera</cameraName><alwaysOn>true</alwaysOn><updateRate>10</updateRate><imageTopicName>rgb/image_raw</imageTopicName><depthImageTopicName>depth/image_raw</depthImageTopicName><pointCloudTopicName>depth/points</pointCloudTopicName><cameraInfoTopicName>rgb/camera_info</cameraInfoTopicName><depthImageCameraInfoTopicName>depth/camera_info</depthImageCameraInfoTopicName><frameName>camera_frame_optical</frameName><baseline>0.1</baseline><distortion_k1>0.0</distortion_k1><distortion_k2>0.0</distortion_k2><distortion_k3>0.0</distortion_k3><distortion_t1>0.0</distortion_t1><distortion_t2>0.0</distortion_t2><pointCloudCutoff>0.4</pointCloudCutoff><robotNamespace>/</robotNamespace></plugin></sensor>]
Dbg [parser_urdf.cc:2703]   STRING REPLACE: instances of _link name [base_laser] with [base_laser_mount]
Dbg [parser_urdf.cc:2703]   STRING REPLACE: instances of _link name [base_laser] with [base_laser_mount]
Dbg [parser_urdf.cc:2703]   STRING REPLACE: instances of _link name [base_laser] with [base_laser_mount]
Dbg [parser_urdf.cc:2703]   STRING REPLACE: instances of _link name [base_laser] with [base_laser_mount]
Dbg [parser_urdf.cc:760] LINK NAME: [parent: base_laser_mount] from dMass
Dbg [parser_urdf.cc:761]      MASS: [0]
Dbg [parser_urdf.cc:762]        CG: [0, 0, 0]
Dbg [parser_urdf.cc:764]         I: [0, 0, 0]
Dbg [parser_urdf.cc:766]            [0, 0, 0]
Dbg [parser_urdf.cc:768]            [0, 0, 0]
Dbg [parser_urdf.cc:760] LINK NAME: [link : base_laser] from dMass
Dbg [parser_urdf.cc:761]      MASS: [1.1]
Dbg [parser_urdf.cc:762]        CG: [0, 0, 0]
Dbg [parser_urdf.cc:764]         I: [0.00307157, 0, 0]
Dbg [parser_urdf.cc:766]            [0, 0.00312849, 0]
Dbg [parser_urdf.cc:768]            [0, 0, 0.00196432]
Dbg [parser_urdf.cc:760] LINK NAME: [link in parent link: base_laser] from dMass
Dbg [parser_urdf.cc:761]      MASS: [1.1]
Dbg [parser_urdf.cc:762]        CG: [0.0352, 0, 0.0566]
Dbg [parser_urdf.cc:764]         I: [0.00659548, 0, -0.00219155]
Dbg [parser_urdf.cc:766]            [0, 0.00801535, -3.08922e-09]
Dbg [parser_urdf.cc:768]            [-0.00219155, -3.08922e-09, 0.00332727]
Dbg [parser_urdf.cc:760] LINK NAME: [combined: base_laser_mount] from dMass
Dbg [parser_urdf.cc:761]      MASS: [1.1]
Dbg [parser_urdf.cc:762]        CG: [0.0352, 0, 0.0566]
Dbg [parser_urdf.cc:764]         I: [0.00659548, 0, -0.00219155]
Dbg [parser_urdf.cc:766]            [0, 0.00801535, -3.08922e-09]
Dbg [parser_urdf.cc:768]            [-0.00219155, -3.08922e-09, 0.00332727]
Dbg [parser_urdf.cc:776] LINK NAME: [base_laser_mount] from dMass
Dbg [parser_urdf.cc:777]      MASS: [1.1]
Dbg [parser_urdf.cc:778]        CG: [0.0352, 0, 0.0566]
Dbg [parser_urdf.cc:781]         I: [0.00307157, 0, 0]
Dbg [parser_urdf.cc:784]            [0, 0.00312849, -3.08922e-09]
Dbg [parser_urdf.cc:787]            [0, -3.08922e-09, 0.00196432]
Dbg [parser_urdf.cc:1024] lumping visual [] for link [base_laser] to parent [base_laser_mount] with name [base_laser]
Dbg [parser_urdf.cc:1139] lumping collision [] for link [base_laser] to parent [base_laser_mount] with name [base_laser]
Dbg [parser_urdf.cc:495] Fixed Joint Reduction: extension lumping from [base_laser_mount] to [top_plate_link]
Dbg [parser_urdf.cc:2639]   REDUCE EXTENSION: moving reference from [base_laser_mount] to [top_plate_link]
Dbg [parser_urdf.cc:2703]   STRING REPLACE: instances of _link name [base_laser_mount] with [top_plate_link]
Dbg [parser_urdf.cc:2712]         INITIAL STRING link [base_laser_mount]-->[top_plate_link]: [<plugin filename="libgazebo_ros_control.so" name="gazebo_ros_control"><robotNamespace>/</robotNamespace></plugin>]
Dbg [parser_urdf.cc:2703]   STRING REPLACE: instances of _link name [base_laser_mount] with [top_plate_link]
Dbg [parser_urdf.cc:2712]         INITIAL STRING link [base_laser_mount]-->[top_plate_link]: [<plugin filename="libhector_gazebo_ros_imu.so" name="imu_controller"><robotNamespace>/</robotNamespace><updateRate>50.0</updateRate><bodyName>base_link</bodyName><topicName>imu/data</topicName><accelDrift>0.005 0.005 0.005</accelDrift><accelGaussianNoise>0.005 0.005 0.005</accelGaussianNoise><rateDrift>0.005 0.005 0.005</rateDrift><rateGaussianNoise>0.005 0.005 0.005</rateGaussianNoise><headingDrift>0.005</headingDrift><headingGaussianNoise>0.005</headingGaussianNoise></plugin>]
Dbg [parser_urdf.cc:2703]   STRING REPLACE: instances of _link name [base_laser_mount] with [top_plate_link]
Dbg [parser_urdf.cc:2712]         INITIAL STRING link [base_laser_mount]-->[top_plate_link]: [<plugin filename="libhector_gazebo_ros_gps.so" name="gps_controller"><updateRate>40</updateRate><robotNamespace>/</robotNamespace><bodyName>base_link</bodyName><frameId>base_link</frameId><topicName>navsat/fix</topicName><velocityTopicName>navsat/vel</velocityTopicName><referenceLatitude>49.9</referenceLatitude><referenceLongitude>8.9</referenceLongitude><referenceHeading>0</referenceHeading><referenceAltitude>0</referenceAltitude><drift>0.0001 0.0001 0.0001</drift></plugin>]
Dbg [parser_urdf.cc:2703]   STRING REPLACE: instances of _link name [base_laser_mount] with [top_plate_link]
Dbg [parser_urdf.cc:2703]   STRING REPLACE: instances of _link name [base_laser_mount] with [top_plate_link]
Dbg [parser_urdf.cc:2712]         INITIAL STRING link [base_laser_mount]-->[top_plate_link]: [<sensor name="camera" type="depth"><always_on>true</always_on><update_rate>20.0</update_rate><camera><horizontal_fov>1.04719666667</horizontal_fov><image><format>R8G8B8</format><width>640</width><height>480</height></image><clip><near>0.05</near><far>8.0</far></clip></camera><plugin filename="libgazebo_ros_openni_kinect.so" name="kinect_camera_controller"><cameraName>camera</cameraName><alwaysOn>true</alwaysOn><updateRate>10</updateRate><imageTopicName>rgb/image_raw</imageTopicName><depthImageTopicName>depth/image_raw</depthImageTopicName><pointCloudTopicName>depth/points</pointCloudTopicName><cameraInfoTopicName>rgb/camera_info</cameraInfoTopicName><depthImageCameraInfoTopicName>depth/camera_info</depthImageCameraInfoTopicName><frameName>camera_frame_optical</frameName><baseline>0.1</baseline><distortion_k1>0.0</distortion_k1><distortion_k2>0.0</distortion_k2><distortion_k3>0.0</distortion_k3><distortion_t1>0.0</distortion_t1><distortion_t2>0.0</distortion_t2><pointCloudCutoff>0.4</pointCloudCutoff><robotNamespace>/</robotNamespace></plugin></sensor>]
Dbg [parser_urdf.cc:2703]   STRING REPLACE: instances of _link name [base_laser_mount] with [top_plate_link]
Dbg [parser_urdf.cc:2703]   STRING REPLACE: instances of _link name [base_laser_mount] with [top_plate_link]
Dbg [parser_urdf.cc:2703]   STRING REPLACE: instances of _link name [base_laser_mount] with [top_plate_link]
Dbg [parser_urdf.cc:2703]   STRING REPLACE: instances of _link name [base_laser_mount] with [top_plate_link]
Dbg [parser_urdf.cc:2703]   STRING REPLACE: instances of _link name [base_laser_mount] with [top_plate_link]
Dbg [parser_urdf.cc:2712]         INITIAL STRING link [base_laser_mount]-->[top_plate_link]: [<sensor name="base_laser" type="ray"><visualize>false</visualize><update_rate>50</update_rate><ray><scan><horizontal><samples>720</samples><resolution>1</resolution><min_angle>-2.35619</min_angle><max_angle>2.35619</max_angle></horizontal></scan><range><min>0.1</min><max>30.0</max><resolution>0.01</resolution></range><noise><type>gaussian</type><mean>0.0</mean><stddev>0.001</stddev></noise></ray><plugin filename="libgazebo_ros_laser.so" name="gazebo_ros_laser"><topicName>scan</topicName><frameName>base_laser</frameName><robotNamespace>/</robotNamespace></plugin><pose>0.2558 0 0.06295 3.14159 -0 0</pose></sensor>]
Dbg [parser_urdf.cc:760] LINK NAME: [parent: top_plate_link] from dMass
Dbg [parser_urdf.cc:761]      MASS: [0]
Dbg [parser_urdf.cc:762]        CG: [0, 0, 0]
Dbg [parser_urdf.cc:764]         I: [0, 0, 0]
Dbg [parser_urdf.cc:766]            [0, 0, 0]
Dbg [parser_urdf.cc:768]            [0, 0, 0]
Dbg [parser_urdf.cc:760] LINK NAME: [link : base_laser_mount] from dMass
Dbg [parser_urdf.cc:761]      MASS: [1.1]
Dbg [parser_urdf.cc:762]        CG: [0, 0, 0]
Dbg [parser_urdf.cc:764]         I: [0.00307157, 0, 0]
Dbg [parser_urdf.cc:766]            [0, 0.00312849, -3.08922e-09]
Dbg [parser_urdf.cc:768]            [0, -3.08922e-09, 0.00196432]
Dbg [parser_urdf.cc:760] LINK NAME: [link in parent link: base_laser_mount] from dMass
Dbg [parser_urdf.cc:761]      MASS: [1.1]
Dbg [parser_urdf.cc:762]        CG: [0.2558, 0, 0.06295]
Dbg [parser_urdf.cc:764]         I: [0.00743054, 0, -0.0177129]
Dbg [parser_urdf.cc:766]            [0, 0.0794645, -3.08922e-09]
Dbg [parser_urdf.cc:768]            [-0.0177129, -3.08922e-09, 0.0739413]
Dbg [parser_urdf.cc:760] LINK NAME: [combined: top_plate_link] from dMass
Dbg [parser_urdf.cc:761]      MASS: [1.1]
Dbg [parser_urdf.cc:762]        CG: [0.2558, 0, 0.06295]
Dbg [parser_urdf.cc:764]         I: [0.00743054, 0, -0.0177129]
Dbg [parser_urdf.cc:766]            [0, 0.0794645, -3.08922e-09]
Dbg [parser_urdf.cc:768]            [-0.0177129, -3.08922e-09, 0.0739413]
Dbg [parser_urdf.cc:776] LINK NAME: [top_plate_link] from dMass
Dbg [parser_urdf.cc:777]      MASS: [1.1]
Dbg [parser_urdf.cc:778]        CG: [0.2558, 0, 0.06295]
Dbg [parser_urdf.cc:781]         I: [0.00307157, 0, 3.46945e-18]
Dbg [parser_urdf.cc:784]            [0, 0.00312849, -3.08922e-09]
Dbg [parser_urdf.cc:787]            [3.46945e-18, -3.08922e-09, 0.00196432]
Dbg [parser_urdf.cc:1024] lumping visual [] for link [base_laser_mount] to parent [top_plate_link] with name [base_laser_mount]
Dbg [parser_urdf.cc:1024] lumping visual [base_laser] for link [base_laser_mount] to parent [top_plate_link] with name [base_laser]
Dbg [parser_urdf.cc:1139] lumping collision [] for link [base_laser_mount] to parent [top_plate_link] with name [base_laser_mount]
Dbg [parser_urdf.cc:1139] lumping collision [base_laser] for link [base_laser_mount] to parent [top_plate_link] with name [base_laser]
Dbg [parser_urdf.cc:495] Fixed Joint Reduction: extension lumping from [camera_frame_optical] to [camera_link]
Dbg [parser_urdf.cc:2703]   STRING REPLACE: instances of _link name [camera_frame_optical] with [camera_link]
Dbg [parser_urdf.cc:2712]         INITIAL STRING link [camera_frame_optical]-->[camera_link]: [<plugin filename="libgazebo_ros_control.so" name="gazebo_ros_control"><robotNamespace>/</robotNamespace></plugin>]
Dbg [parser_urdf.cc:2703]   STRING REPLACE: instances of _link name [camera_frame_optical] with [camera_link]
Dbg [parser_urdf.cc:2712]         INITIAL STRING link [camera_frame_optical]-->[camera_link]: [<plugin filename="libhector_gazebo_ros_imu.so" name="imu_controller"><robotNamespace>/</robotNamespace><updateRate>50.0</updateRate><bodyName>base_link</bodyName><topicName>imu/data</topicName><accelDrift>0.005 0.005 0.005</accelDrift><accelGaussianNoise>0.005 0.005 0.005</accelGaussianNoise><rateDrift>0.005 0.005 0.005</rateDrift><rateGaussianNoise>0.005 0.005 0.005</rateGaussianNoise><headingDrift>0.005</headingDrift><headingGaussianNoise>0.005</headingGaussianNoise></plugin>]
Dbg [parser_urdf.cc:2703]   STRING REPLACE: instances of _link name [camera_frame_optical] with [camera_link]
Dbg [parser_urdf.cc:2712]         INITIAL STRING link [camera_frame_optical]-->[camera_link]: [<plugin filename="libhector_gazebo_ros_gps.so" name="gps_controller"><updateRate>40</updateRate><robotNamespace>/</robotNamespace><bodyName>base_link</bodyName><frameId>base_link</frameId><topicName>navsat/fix</topicName><velocityTopicName>navsat/vel</velocityTopicName><referenceLatitude>49.9</referenceLatitude><referenceLongitude>8.9</referenceLongitude><referenceHeading>0</referenceHeading><referenceAltitude>0</referenceAltitude><drift>0.0001 0.0001 0.0001</drift></plugin>]
Dbg [parser_urdf.cc:2703]   STRING REPLACE: instances of _link name [camera_frame_optical] with [camera_link]
Dbg [parser_urdf.cc:2703]   STRING REPLACE: instances of _link name [camera_frame_optical] with [camera_link]
Dbg [parser_urdf.cc:2712]         INITIAL STRING link [camera_frame_optical]-->[camera_link]: [<sensor name="camera" type="depth"><always_on>true</always_on><update_rate>20.0</update_rate><camera><horizontal_fov>1.04719666667</horizontal_fov><image><format>R8G8B8</format><width>640</width><height>480</height></image><clip><near>0.05</near><far>8.0</far></clip></camera><plugin filename="libgazebo_ros_openni_kinect.so" name="kinect_camera_controller"><cameraName>camera</cameraName><alwaysOn>true</alwaysOn><updateRate>10</updateRate><imageTopicName>rgb/image_raw</imageTopicName><depthImageTopicName>depth/image_raw</depthImageTopicName><pointCloudTopicName>depth/points</pointCloudTopicName><cameraInfoTopicName>rgb/camera_info</cameraInfoTopicName><depthImageCameraInfoTopicName>depth/camera_info</depthImageCameraInfoTopicName><frameName>camera_frame_optical</frameName><baseline>0.1</baseline><distortion_k1>0.0</distortion_k1><distortion_k2>0.0</distortion_k2><distortion_k3>0.0</distortion_k3><distortion_t1>0.0</distortion_t1><distortion_t2>0.0</distortion_t2><pointCloudCutoff>0.4</pointCloudCutoff><robotNamespace>/</robotNamespace></plugin></sensor>]
Dbg [parser_urdf.cc:2703]   STRING REPLACE: instances of _link name [camera_frame_optical] with [camera_link]
Dbg [parser_urdf.cc:2703]   STRING REPLACE: instances of _link name [camera_frame_optical] with [camera_link]
Dbg [parser_urdf.cc:2703]   STRING REPLACE: instances of _link name [camera_frame_optical] with [camera_link]
Dbg [parser_urdf.cc:2703]   STRING REPLACE: instances of _link name [camera_frame_optical] with [camera_link]
Dbg [parser_urdf.cc:2703]   STRING REPLACE: instances of _link name [camera_frame_optical] with [camera_link]
Dbg [parser_urdf.cc:2712]         INITIAL STRING link [camera_frame_optical]-->[camera_link]: [<sensor name="base_laser" type="ray"><visualize>false</visualize><update_rate>50</update_rate><ray><scan><horizontal><samples>720</samples><resolution>1</resolution><min_angle>-2.35619</min_angle><max_angle>2.35619</max_angle></horizontal></scan><range><min>0.1</min><max>30.0</max><resolution>0.01</resolution></range><noise><type>gaussian</type><mean>0.0</mean><stddev>0.001</stddev></noise></ray><plugin filename="libgazebo_ros_laser.so" name="gazebo_ros_laser"><topicName>scan</topicName><frameName>base_laser</frameName><robotNamespace>/</robotNamespace></plugin><pose>0.2558 0 0.06295 3.14159 -0 0</pose></sensor>]
Dbg [parser_urdf.cc:495] Fixed Joint Reduction: extension lumping from [camera_link] to [sensor_arch_mount_link]
Dbg [parser_urdf.cc:2639]   REDUCE EXTENSION: moving reference from [camera_link] to [sensor_arch_mount_link]
Dbg [parser_urdf.cc:2703]   STRING REPLACE: instances of _link name [camera_link] with [sensor_arch_mount_link]
Dbg [parser_urdf.cc:2712]         INITIAL STRING link [camera_link]-->[sensor_arch_mount_link]: [<plugin filename="libgazebo_ros_control.so" name="gazebo_ros_control"><robotNamespace>/</robotNamespace></plugin>]
Dbg [parser_urdf.cc:2703]   STRING REPLACE: instances of _link name [camera_link] with [sensor_arch_mount_link]
Dbg [parser_urdf.cc:2712]         INITIAL STRING link [camera_link]-->[sensor_arch_mount_link]: [<plugin filename="libhector_gazebo_ros_imu.so" name="imu_controller"><robotNamespace>/</robotNamespace><updateRate>50.0</updateRate><bodyName>base_link</bodyName><topicName>imu/data</topicName><accelDrift>0.005 0.005 0.005</accelDrift><accelGaussianNoise>0.005 0.005 0.005</accelGaussianNoise><rateDrift>0.005 0.005 0.005</rateDrift><rateGaussianNoise>0.005 0.005 0.005</rateGaussianNoise><headingDrift>0.005</headingDrift><headingGaussianNoise>0.005</headingGaussianNoise></plugin>]
Dbg [parser_urdf.cc:2703]   STRING REPLACE: instances of _link name [camera_link] with [sensor_arch_mount_link]
Dbg [parser_urdf.cc:2712]         INITIAL STRING link [camera_link]-->[sensor_arch_mount_link]: [<plugin filename="libhector_gazebo_ros_gps.so" name="gps_controller"><updateRate>40</updateRate><robotNamespace>/</robotNamespace><bodyName>base_link</bodyName><frameId>base_link</frameId><topicName>navsat/fix</topicName><velocityTopicName>navsat/vel</velocityTopicName><referenceLatitude>49.9</referenceLatitude><referenceLongitude>8.9</referenceLongitude><referenceHeading>0</referenceHeading><referenceAltitude>0</referenceAltitude><drift>0.0001 0.0001 0.0001</drift></plugin>]
Dbg [parser_urdf.cc:2703]   STRING REPLACE: instances of _link name [camera_link] with [sensor_arch_mount_link]
Dbg [parser_urdf.cc:2703]   STRING REPLACE: instances of _link name [camera_link] with [sensor_arch_mount_link]
Dbg [parser_urdf.cc:2703]   STRING REPLACE: instances of _link name [camera_link] with [sensor_arch_mount_link]
Dbg [parser_urdf.cc:2703]   STRING REPLACE: instances of _link name [camera_link] with [sensor_arch_mount_link]
Dbg [parser_urdf.cc:2703]   STRING REPLACE: instances of _link name [camera_link] with [sensor_arch_mount_link]
Dbg [parser_urdf.cc:2703]   STRING REPLACE: instances of _link name [camera_link] with [sensor_arch_mount_link]
Dbg [parser_urdf.cc:2712]         INITIAL STRING link [camera_link]-->[sensor_arch_mount_link]: [<sensor name="camera" type="depth"><always_on>true</always_on><update_rate>20.0</update_rate><camera><horizontal_fov>1.04719666667</horizontal_fov><image><format>R8G8B8</format><width>640</width><height>480</height></image><clip><near>0.05</near><far>8.0</far></clip></camera><plugin filename="libgazebo_ros_openni_kinect.so" name="kinect_camera_controller"><cameraName>camera</cameraName><alwaysOn>true</alwaysOn><updateRate>10</updateRate><imageTopicName>rgb/image_raw</imageTopicName><depthImageTopicName>depth/image_raw</depthImageTopicName><pointCloudTopicName>depth/points</pointCloudTopicName><cameraInfoTopicName>rgb/camera_info</cameraInfoTopicName><depthImageCameraInfoTopicName>depth/camera_info</depthImageCameraInfoTopicName><frameName>camera_frame_optical</frameName><baseline>0.1</baseline><distortion_k1>0.0</distortion_k1><distortion_k2>0.0</distortion_k2><distortion_k3>0.0</distortion_k3><distortion_t1>0.0</distortion_t1><distortion_t2>0.0</distortion_t2><pointCloudCutoff>0.4</pointCloudCutoff><robotNamespace>/</robotNamespace></plugin><pose>0 0 0 0 0.18 3.14</pose></sensor>]
Dbg [parser_urdf.cc:2703]   STRING REPLACE: instances of _link name [camera_link] with [sensor_arch_mount_link]
Dbg [parser_urdf.cc:2712]         INITIAL STRING link [camera_link]-->[sensor_arch_mount_link]: [<sensor name="base_laser" type="ray"><visualize>false</visualize><update_rate>50</update_rate><ray><scan><horizontal><samples>720</samples><resolution>1</resolution><min_angle>-2.35619</min_angle><max_angle>2.35619</max_angle></horizontal></scan><range><min>0.1</min><max>30.0</max><resolution>0.01</resolution></range><noise><type>gaussian</type><mean>0.0</mean><stddev>0.001</stddev></noise></ray><plugin filename="libgazebo_ros_laser.so" name="gazebo_ros_laser"><topicName>scan</topicName><frameName>base_laser</frameName><robotNamespace>/</robotNamespace></plugin><pose>0.2558 0 0.06295 3.14159 -0 0</pose></sensor>]
Dbg [parser_urdf.cc:1024] lumping visual [] for link [camera_link] to parent [sensor_arch_mount_link] with name [camera_link]
Dbg [parser_urdf.cc:1139] lumping collision [] for link [camera_link] to parent [sensor_arch_mount_link] with name [camera_link]
Dbg [parser_urdf.cc:495] Fixed Joint Reduction: extension lumping from [sensor_arch_mount_link] to [top_plate_link]
Dbg [parser_urdf.cc:2639]   REDUCE EXTENSION: moving reference from [sensor_arch_mount_link] to [top_plate_link]
Dbg [parser_urdf.cc:2703]   STRING REPLACE: instances of _link name [sensor_arch_mount_link] with [top_plate_link]
Dbg [parser_urdf.cc:2712]         INITIAL STRING link [sensor_arch_mount_link]-->[top_plate_link]: [<plugin filename="libgazebo_ros_control.so" name="gazebo_ros_control"><robotNamespace>/</robotNamespace></plugin>]
Dbg [parser_urdf.cc:2703]   STRING REPLACE: instances of _link name [sensor_arch_mount_link] with [top_plate_link]
Dbg [parser_urdf.cc:2712]         INITIAL STRING link [sensor_arch_mount_link]-->[top_plate_link]: [<plugin filename="libhector_gazebo_ros_imu.so" name="imu_controller"><robotNamespace>/</robotNamespace><updateRate>50.0</updateRate><bodyName>base_link</bodyName><topicName>imu/data</topicName><accelDrift>0.005 0.005 0.005</accelDrift><accelGaussianNoise>0.005 0.005 0.005</accelGaussianNoise><rateDrift>0.005 0.005 0.005</rateDrift><rateGaussianNoise>0.005 0.005 0.005</rateGaussianNoise><headingDrift>0.005</headingDrift><headingGaussianNoise>0.005</headingGaussianNoise></plugin>]
Dbg [parser_urdf.cc:2703]   STRING REPLACE: instances of _link name [sensor_arch_mount_link] with [top_plate_link]
Dbg [parser_urdf.cc:2712]         INITIAL STRING link [sensor_arch_mount_link]-->[top_plate_link]: [<plugin filename="libhector_gazebo_ros_gps.so" name="gps_controller"><updateRate>40</updateRate><robotNamespace>/</robotNamespace><bodyName>base_link</bodyName><frameId>base_link</frameId><topicName>navsat/fix</topicName><velocityTopicName>navsat/vel</velocityTopicName><referenceLatitude>49.9</referenceLatitude><referenceLongitude>8.9</referenceLongitude><referenceHeading>0</referenceHeading><referenceAltitude>0</referenceAltitude><drift>0.0001 0.0001 0.0001</drift></plugin>]
Dbg [parser_urdf.cc:2703]   STRING REPLACE: instances of _link name [sensor_arch_mount_link] with [top_plate_link]
Dbg [parser_urdf.cc:2703]   STRING REPLACE: instances of _link name [sensor_arch_mount_link] with [top_plate_link]
Dbg [parser_urdf.cc:2703]   STRING REPLACE: instances of _link name [sensor_arch_mount_link] with [top_plate_link]
Dbg [parser_urdf.cc:2703]   STRING REPLACE: instances of _link name [sensor_arch_mount_link] with [top_plate_link]
Dbg [parser_urdf.cc:2703]   STRING REPLACE: instances of _link name [sensor_arch_mount_link] with [top_plate_link]
Dbg [parser_urdf.cc:2703]   STRING REPLACE: instances of _link name [sensor_arch_mount_link] with [top_plate_link]
Dbg [parser_urdf.cc:2712]         INITIAL STRING link [sensor_arch_mount_link]-->[top_plate_link]: [<sensor name="base_laser" type="ray"><visualize>false</visualize><update_rate>50</update_rate><ray><scan><horizontal><samples>720</samples><resolution>1</resolution><min_angle>-2.35619</min_angle><max_angle>2.35619</max_angle></horizontal></scan><range><min>0.1</min><max>30.0</max><resolution>0.01</resolution></range><noise><type>gaussian</type><mean>0.0</mean><stddev>0.001</stddev></noise></ray><plugin filename="libgazebo_ros_laser.so" name="gazebo_ros_laser"><topicName>scan</topicName><frameName>base_laser</frameName><robotNamespace>/</robotNamespace></plugin><pose>0.2558 0 0.06295 3.14159 -0 0</pose></sensor>]
Dbg [parser_urdf.cc:2703]   STRING REPLACE: instances of _link name [sensor_arch_mount_link] with [top_plate_link]
Dbg [parser_urdf.cc:2712]         INITIAL STRING link [sensor_arch_mount_link]-->[top_plate_link]: [<sensor name="camera" type="depth"><always_on>true</always_on><update_rate>20.0</update_rate><camera><horizontal_fov>1.04719666667</horizontal_fov><image><format>R8G8B8</format><width>640</width><height>480</height></image><clip><near>0.05</near><far>8.0</far></clip></camera><plugin filename="libgazebo_ros_openni_kinect.so" name="kinect_camera_controller"><cameraName>camera</cameraName><alwaysOn>true</alwaysOn><updateRate>10</updateRate><imageTopicName>rgb/image_raw</imageTopicName><depthImageTopicName>depth/image_raw</depthImageTopicName><pointCloudTopicName>depth/points</pointCloudTopicName><cameraInfoTopicName>rgb/camera_info</cameraInfoTopicName><depthImageCameraInfoTopicName>depth/camera_info</depthImageCameraInfoTopicName><frameName>camera_frame_optical</frameName><baseline>0.1</baseline><distortion_k1>0.0</distortion_k1><distortion_k2>0.0</distortion_k2><distortion_k3>0.0</distortion_k3><distortion_t1>0.0</distortion_t1><distortion_t2>0.0</distortion_t2><pointCloudCutoff>0.4</pointCloudCutoff><robotNamespace>/</robotNamespace></plugin><pose>-0.35 0 0.51 0 0.18 0</pose></sensor>]
Dbg [parser_urdf.cc:1024] lumping visual [] for link [sensor_arch_mount_link] to parent [top_plate_link] with name [sensor_arch_mount_link]
Dbg [parser_urdf.cc:1024] lumping visual [camera_link] for link [sensor_arch_mount_link] to parent [top_plate_link] with name [camera_link]
Dbg [parser_urdf.cc:1139] lumping collision [] for link [sensor_arch_mount_link] to parent [top_plate_link] with name [sensor_arch_mount_link]
Dbg [parser_urdf.cc:1139] lumping collision [camera_link] for link [sensor_arch_mount_link] to parent [top_plate_link] with name [camera_link]
Dbg [parser_urdf.cc:495] Fixed Joint Reduction: extension lumping from [top_plate_link] to [base_link]
Dbg [parser_urdf.cc:2639]   REDUCE EXTENSION: moving reference from [top_plate_link] to [base_link]
Dbg [parser_urdf.cc:2703]   STRING REPLACE: instances of _link name [top_plate_link] with [base_link]
Dbg [parser_urdf.cc:2712]         INITIAL STRING link [top_plate_link]-->[base_link]: [<plugin filename="libgazebo_ros_control.so" name="gazebo_ros_control"><robotNamespace>/</robotNamespace></plugin>]
Dbg [parser_urdf.cc:2703]   STRING REPLACE: instances of _link name [top_plate_link] with [base_link]
Dbg [parser_urdf.cc:2712]         INITIAL STRING link [top_plate_link]-->[base_link]: [<plugin filename="libhector_gazebo_ros_imu.so" name="imu_controller"><robotNamespace>/</robotNamespace><updateRate>50.0</updateRate><bodyName>base_link</bodyName><topicName>imu/data</topicName><accelDrift>0.005 0.005 0.005</accelDrift><accelGaussianNoise>0.005 0.005 0.005</accelGaussianNoise><rateDrift>0.005 0.005 0.005</rateDrift><rateGaussianNoise>0.005 0.005 0.005</rateGaussianNoise><headingDrift>0.005</headingDrift><headingGaussianNoise>0.005</headingGaussianNoise></plugin>]
Dbg [parser_urdf.cc:2703]   STRING REPLACE: instances of _link name [top_plate_link] with [base_link]
Dbg [parser_urdf.cc:2712]         INITIAL STRING link [top_plate_link]-->[base_link]: [<plugin filename="libhector_gazebo_ros_gps.so" name="gps_controller"><updateRate>40</updateRate><robotNamespace>/</robotNamespace><bodyName>base_link</bodyName><frameId>base_link</frameId><topicName>navsat/fix</topicName><velocityTopicName>navsat/vel</velocityTopicName><referenceLatitude>49.9</referenceLatitude><referenceLongitude>8.9</referenceLongitude><referenceHeading>0</referenceHeading><referenceAltitude>0</referenceAltitude><drift>0.0001 0.0001 0.0001</drift></plugin>]
Dbg [parser_urdf.cc:2703]   STRING REPLACE: instances of _link name [top_plate_link] with [base_link]
Dbg [parser_urdf.cc:2703]   STRING REPLACE: instances of _link name [top_plate_link] with [base_link]
Dbg [parser_urdf.cc:2712]         INITIAL STRING link [top_plate_link]-->[base_link]: [<sensor name="base_laser" type="ray"><visualize>false</visualize><update_rate>50</update_rate><ray><scan><horizontal><samples>720</samples><resolution>1</resolution><min_angle>-2.35619</min_angle><max_angle>2.35619</max_angle></horizontal></scan><range><min>0.1</min><max>30.0</max><resolution>0.01</resolution></range><noise><type>gaussian</type><mean>0.0</mean><stddev>0.001</stddev></noise></ray><plugin filename="libgazebo_ros_laser.so" name="gazebo_ros_laser"><topicName>scan</topicName><frameName>base_laser</frameName><robotNamespace>/</robotNamespace></plugin><pose>0.337 0 0.30795 3.14159 -0 0</pose></sensor>]
Dbg [parser_urdf.cc:2703]   STRING REPLACE: instances of _link name [top_plate_link] with [base_link]
Dbg [parser_urdf.cc:2712]         INITIAL STRING link [top_plate_link]-->[base_link]: [<sensor name="camera" type="depth"><always_on>true</always_on><update_rate>20.0</update_rate><camera><horizontal_fov>1.04719666667</horizontal_fov><image><format>R8G8B8</format><width>640</width><height>480</height></image><clip><near>0.05</near><far>8.0</far></clip></camera><plugin filename="libgazebo_ros_openni_kinect.so" name="kinect_camera_controller"><cameraName>camera</cameraName><alwaysOn>true</alwaysOn><updateRate>10</updateRate><imageTopicName>rgb/image_raw</imageTopicName><depthImageTopicName>depth/image_raw</depthImageTopicName><pointCloudTopicName>depth/points</pointCloudTopicName><cameraInfoTopicName>rgb/camera_info</cameraInfoTopicName><depthImageCameraInfoTopicName>depth/camera_info</depthImageCameraInfoTopicName><frameName>camera_frame_optical</frameName><baseline>0.1</baseline><distortion_k1>0.0</distortion_k1><distortion_k2>0.0</distortion_k2><distortion_k3>0.0</distortion_k3><distortion_t1>0.0</distortion_t1><distortion_t2>0.0</distortion_t2><pointCloudCutoff>0.4</pointCloudCutoff><robotNamespace>/</robotNamespace></plugin><pose>-0.2688 0 0.755 0 0.18 0</pose></sensor>]
Dbg [parser_urdf.cc:2703]   STRING REPLACE: instances of _link name [top_plate_link] with [base_link]
Dbg [parser_urdf.cc:2703]   STRING REPLACE: instances of _link name [top_plate_link] with [base_link]
Dbg [parser_urdf.cc:2703]   STRING REPLACE: instances of _link name [top_plate_link] with [base_link]
Dbg [parser_urdf.cc:2703]   STRING REPLACE: instances of _link name [top_plate_link] with [base_link]
Dbg [parser_urdf.cc:760] LINK NAME: [parent: base_link] from dMass
Dbg [parser_urdf.cc:761]      MASS: [33.455]
Dbg [parser_urdf.cc:762]        CG: [-0.08748, -0.00085, 0.09947]
Dbg [parser_urdf.cc:764]         I: [0.933237, -0.0261276, 0.171413]
Dbg [parser_urdf.cc:766]            [-0.0261276, 2.32564, 0.0012846]
Dbg [parser_urdf.cc:768]            [0.171413, 0.0012846, 2.28565]
Dbg [parser_urdf.cc:760] LINK NAME: [link : top_plate_link] from dMass
Dbg [parser_urdf.cc:761]      MASS: [1.1]
Dbg [parser_urdf.cc:762]        CG: [0, 0, 0]
Dbg [parser_urdf.cc:764]         I: [0.00307157, 0, 3.46945e-18]
Dbg [parser_urdf.cc:766]            [0, 0.00312849, -3.08922e-09]
Dbg [parser_urdf.cc:768]            [3.46945e-18, -3.08922e-09, 0.00196432]
Dbg [parser_urdf.cc:760] LINK NAME: [link in parent link: top_plate_link] from dMass
Dbg [parser_urdf.cc:761]      MASS: [1.1]
Dbg [parser_urdf.cc:762]        CG: [0.337, 0, 0.30795]
Dbg [parser_urdf.cc:764]         I: [0.107388, 0, -0.114157]
Dbg [parser_urdf.cc:766]            [0, 0.232371, -3.08922e-09]
Dbg [parser_urdf.cc:768]            [-0.114157, -3.08922e-09, 0.12689]
Dbg [parser_urdf.cc:760] LINK NAME: [combined: base_link] from dMass
Dbg [parser_urdf.cc:761]      MASS: [34.555]
Dbg [parser_urdf.cc:762]        CG: [-0.0739674, -0.000822942, 0.106107]
Dbg [parser_urdf.cc:764]         I: [1.04063, -0.0261276, 0.0572562]
Dbg [parser_urdf.cc:766]            [-0.0261276, 2.55801, 0.0012846]
Dbg [parser_urdf.cc:768]            [0.0572562, 0.0012846, 2.41254]
Dbg [parser_urdf.cc:776] LINK NAME: [base_link] from dMass
Dbg [parser_urdf.cc:777]      MASS: [34.555]
Dbg [parser_urdf.cc:778]        CG: [-0.0739674, -0.000822942, 0.106107]
Dbg [parser_urdf.cc:781]         I: [0.651561, -0.0240243, -0.213946]
Dbg [parser_urdf.cc:784]            [-0.0240243, 1.97991, -0.00173273]
Dbg [parser_urdf.cc:787]            [-0.213946, -0.00173273, 2.22346]
Dbg [parser_urdf.cc:1024] lumping visual [] for link [top_plate_link] to parent [base_link] with name [top_plate_link]
Dbg [parser_urdf.cc:1024] lumping visual [base_laser_mount] for link [top_plate_link] to parent [base_link] with name [base_laser_mount]
Dbg [parser_urdf.cc:1024] lumping visual [base_laser] for link [top_plate_link] to parent [base_link] with name [base_laser]
Dbg [parser_urdf.cc:1024] lumping visual [sensor_arch_mount_link] for link [top_plate_link] to parent [base_link] with name [sensor_arch_mount_link]
Dbg [parser_urdf.cc:1024] lumping visual [camera_link] for link [top_plate_link] to parent [base_link] with name [camera_link]
Dbg [parser_urdf.cc:1139] lumping collision [] for link [top_plate_link] to parent [base_link] with name [top_plate_link]
Dbg [parser_urdf.cc:1139] lumping collision [] for link [top_plate_link] to parent [base_link] with name [top_plate_link]
Dbg [parser_urdf.cc:1139] lumping collision [base_laser_mount] for link [top_plate_link] to parent [base_link] with name [base_laser_mount]
Dbg [parser_urdf.cc:1139] lumping collision [base_laser] for link [top_plate_link] to parent [base_link] with name [base_laser]
Dbg [parser_urdf.cc:1139] lumping collision [sensor_arch_mount_link] for link [top_plate_link] to parent [base_link] with name [sensor_arch_mount_link]
Dbg [parser_urdf.cc:1139] lumping collision [camera_link] for link [top_plate_link] to parent [base_link] with name [camera_link]
Dbg [parser_urdf.cc:495] Fixed Joint Reduction: extension lumping from [user_rail_link] to [base_link]
Dbg [parser_urdf.cc:2703]   STRING REPLACE: instances of _link name [user_rail_link] with [base_link]
Dbg [parser_urdf.cc:2712]         INITIAL STRING link [user_rail_link]-->[base_link]: [<plugin filename="libgazebo_ros_control.so" name="gazebo_ros_control"><robotNamespace>/</robotNamespace></plugin>]
Dbg [parser_urdf.cc:2703]   STRING REPLACE: instances of _link name [user_rail_link] with [base_link]
Dbg [parser_urdf.cc:2712]         INITIAL STRING link [user_rail_link]-->[base_link]: [<plugin filename="libhector_gazebo_ros_imu.so" name="imu_controller"><robotNamespace>/</robotNamespace><updateRate>50.0</updateRate><bodyName>base_link</bodyName><topicName>imu/data</topicName><accelDrift>0.005 0.005 0.005</accelDrift><accelGaussianNoise>0.005 0.005 0.005</accelGaussianNoise><rateDrift>0.005 0.005 0.005</rateDrift><rateGaussianNoise>0.005 0.005 0.005</rateGaussianNoise><headingDrift>0.005</headingDrift><headingGaussianNoise>0.005</headingGaussianNoise></plugin>]
Dbg [parser_urdf.cc:2703]   STRING REPLACE: instances of _link name [user_rail_link] with [base_link]
Dbg [parser_urdf.cc:2712]         INITIAL STRING link [user_rail_link]-->[base_link]: [<plugin filename="libhector_gazebo_ros_gps.so" name="gps_controller"><updateRate>40</updateRate><robotNamespace>/</robotNamespace><bodyName>base_link</bodyName><frameId>base_link</frameId><topicName>navsat/fix</topicName><velocityTopicName>navsat/vel</velocityTopicName><referenceLatitude>49.9</referenceLatitude><referenceLongitude>8.9</referenceLongitude><referenceHeading>0</referenceHeading><referenceAltitude>0</referenceAltitude><drift>0.0001 0.0001 0.0001</drift></plugin>]
Dbg [parser_urdf.cc:2703]   STRING REPLACE: instances of _link name [user_rail_link] with [base_link]
Dbg [parser_urdf.cc:2703]   STRING REPLACE: instances of _link name [user_rail_link] with [base_link]
Dbg [parser_urdf.cc:2712]         INITIAL STRING link [user_rail_link]-->[base_link]: [<sensor name="base_laser" type="ray"><visualize>false</visualize><update_rate>50</update_rate><ray><scan><horizontal><samples>720</samples><resolution>1</resolution><min_angle>-2.35619</min_angle><max_angle>2.35619</max_angle></horizontal></scan><range><min>0.1</min><max>30.0</max><resolution>0.01</resolution></range><noise><type>gaussian</type><mean>0.0</mean><stddev>0.001</stddev></noise></ray><plugin filename="libgazebo_ros_laser.so" name="gazebo_ros_laser"><topicName>scan</topicName><frameName>base_laser</frameName><robotNamespace>/</robotNamespace></plugin><pose>0.337 0 0.30795 3.14159 -0 0</pose></sensor>]
Dbg [parser_urdf.cc:2703]   STRING REPLACE: instances of _link name [user_rail_link] with [base_link]
Dbg [parser_urdf.cc:2712]         INITIAL STRING link [user_rail_link]-->[base_link]: [<sensor name="camera" type="depth"><always_on>true</always_on><update_rate>20.0</update_rate><camera><horizontal_fov>1.04719666667</horizontal_fov><image><format>R8G8B8</format><width>640</width><height>480</height></image><clip><near>0.05</near><far>8.0</far></clip></camera><plugin filename="libgazebo_ros_openni_kinect.so" name="kinect_camera_controller"><cameraName>camera</cameraName><alwaysOn>true</alwaysOn><updateRate>10</updateRate><imageTopicName>rgb/image_raw</imageTopicName><depthImageTopicName>depth/image_raw</depthImageTopicName><pointCloudTopicName>depth/points</pointCloudTopicName><cameraInfoTopicName>rgb/camera_info</cameraInfoTopicName><depthImageCameraInfoTopicName>depth/camera_info</depthImageCameraInfoTopicName><frameName>camera_frame_optical</frameName><baseline>0.1</baseline><distortion_k1>0.0</distortion_k1><distortion_k2>0.0</distortion_k2><distortion_k3>0.0</distortion_k3><distortion_t1>0.0</distortion_t1><distortion_t2>0.0</distortion_t2><pointCloudCutoff>0.4</pointCloudCutoff><robotNamespace>/</robotNamespace></plugin><pose>-0.2688 0 0.755 0 0.18 0</pose></sensor>]
Dbg [parser_urdf.cc:2703]   STRING REPLACE: instances of _link name [user_rail_link] with [base_link]
Dbg [parser_urdf.cc:2703]   STRING REPLACE: instances of _link name [user_rail_link] with [base_link]
Dbg [parser_urdf.cc:2703]   STRING REPLACE: instances of _link name [user_rail_link] with [base_link]
Dbg [parser_urdf.cc:2703]   STRING REPLACE: instances of _link name [user_rail_link] with [base_link]
Dbg [parser_urdf.cc:1024] lumping visual [] for link [user_rail_link] to parent [base_link] with name [user_rail_link]
Dbg [parser_urdf.cc:2899] [base_link] has no parent joint
Dbg [parser_urdf.cc:3017] creating collision for link [base_link] collision []
Dbg [parser_urdf.cc:3017] creating collision for link [base_link] collision []
Dbg [parser_urdf.cc:3017] creating collision for link [base_link] collision [top_plate_link]
Dbg [parser_urdf.cc:3017] creating collision for link [base_link] collision [top_plate_link]
Dbg [parser_urdf.cc:3017] creating collision for link [base_link] collision [base_laser_mount]
Dbg [parser_urdf.cc:3017] creating collision for link [base_link] collision [base_laser]
Dbg [parser_urdf.cc:3017] creating collision for link [base_link] collision [sensor_arch_mount_link]
Dbg [parser_urdf.cc:3017] creating collision for link [base_link] collision [camera_link]
Dbg [parser_urdf.cc:3139] creating visual for link [base_link] visual []
Dbg [parser_urdf.cc:3139] creating visual for link [base_link] visual [front_bumper_link]
Dbg [parser_urdf.cc:3139] creating visual for link [base_link] visual [rear_bumper_link]
Dbg [parser_urdf.cc:3139] creating visual for link [base_link] visual [top_chassis_link]
Dbg [parser_urdf.cc:3139] creating visual for link [base_link] visual [top_plate_link]
Dbg [parser_urdf.cc:3139] creating visual for link [base_link] visual [base_laser_mount]
Dbg [parser_urdf.cc:3139] creating visual for link [base_link] visual [base_laser]
Dbg [parser_urdf.cc:3139] creating visual for link [base_link] visual [sensor_arch_mount_link]
Dbg [parser_urdf.cc:3139] creating visual for link [base_link] visual [camera_link]
Dbg [parser_urdf.cc:3139] creating visual for link [base_link] visual [user_rail_link]
Dbg [parser_urdf.cc:2154] inserting extension with reference [base_link] into link.
Warning [parser_urdf.cc:1238] multiple inconsistent <gravity> exists due to fixed joint reduction overwriting previous value [true] with [false].
Warning [parser_urdf.cc:1238] multiple inconsistent <gravity> exists due to fixed joint reduction overwriting previous value [false] with [true].
Dbg [parser_urdf.cc:2827] urdf2sdf: link[base_footprint] has no inertia, parent joint [base_footprint_joint] ignored.
Dbg [parser_urdf.cc:2832] urdf2sdf: link[base_footprint] has no inertia, not modeled in sdf
Dbg [parser_urdf.cc:2827] urdf2sdf: link[front_bumper_link] has no inertia, parent joint [front_bumper] ignored.
Dbg [parser_urdf.cc:2832] urdf2sdf: link[front_bumper_link] has no inertia, not modeled in sdf
Dbg [parser_urdf.cc:3017] creating collision for link [front_left_wheel_link] collision []
Dbg [parser_urdf.cc:3139] creating visual for link [front_left_wheel_link] visual []
Dbg [parser_urdf.cc:2154] inserting extension with reference [front_left_wheel_link] into link.
Dbg [parser_urdf.cc:3017] creating collision for link [front_right_wheel_link] collision []
Dbg [parser_urdf.cc:3139] creating visual for link [front_right_wheel_link] visual []
Dbg [parser_urdf.cc:2154] inserting extension with reference [front_right_wheel_link] into link.
Dbg [parser_urdf.cc:2827] urdf2sdf: link[imu_link] has no inertia, parent joint [imu_joint] ignored.
Dbg [parser_urdf.cc:2832] urdf2sdf: link[imu_link] has no inertia, not modeled in sdf
Dbg [parser_urdf.cc:2827] urdf2sdf: link[rear_bumper_link] has no inertia, parent joint [rear_bumper] ignored.
Dbg [parser_urdf.cc:2832] urdf2sdf: link[rear_bumper_link] has no inertia, not modeled in sdf
Dbg [parser_urdf.cc:3017] creating collision for link [rear_left_wheel_link] collision []
Dbg [parser_urdf.cc:3139] creating visual for link [rear_left_wheel_link] visual []
Dbg [parser_urdf.cc:2154] inserting extension with reference [rear_left_wheel_link] into link.
Dbg [parser_urdf.cc:3017] creating collision for link [rear_right_wheel_link] collision []
Dbg [parser_urdf.cc:3139] creating visual for link [rear_right_wheel_link] visual []
Dbg [parser_urdf.cc:2154] inserting extension with reference [rear_right_wheel_link] into link.
Dbg [parser_urdf.cc:2827] urdf2sdf: link[top_chassis_link] has no inertia, parent joint [top_chassis_joint] ignored.
Dbg [parser_urdf.cc:2832] urdf2sdf: link[top_chassis_link] has no inertia, not modeled in sdf
Dbg [parser_urdf.cc:2815] urdf2sdf: link[sensor_arch_mount_link] has no inertia, [1] children links ignored.
Dbg [parser_urdf.cc:2821] urdf2sdf: link[sensor_arch_mount_link] has no inertia, [1] children joints ignored.
Dbg [parser_urdf.cc:2827] urdf2sdf: link[sensor_arch_mount_link] has no inertia, parent joint [sensor_arch_mount] ignored.
Dbg [parser_urdf.cc:2832] urdf2sdf: link[sensor_arch_mount_link] has no inertia, not modeled in sdf
Dbg [parser_urdf.cc:2827] urdf2sdf: link[user_rail_link] has no inertia, parent joint [user_rail] ignored.
Dbg [parser_urdf.cc:2832] urdf2sdf: link[user_rail_link] has no inertia, not modeled in sdf
Dbg [parser_urdf.cc:1243] multiple consistent <static> exists with [false] due to fixed joint reduction.
Dbg [parser_urdf.cc:1243] multiple consistent <static> exists with [false] due to fixed joint reduction.
Dbg [parser.cc:387] Converting a deprecated source[urdf string].
Dbg [Converter.cc:59] Version[1.4] to Version[1.6]
  Please use the gz sdf tool to update your SDF files.
    $ gz sdf -c [sdf_file]
Dbg [parser.cc:336] Parsing from urdf.
